Performing C SOURCE FILE Test CMAKE_HAVE_LIBC_PTHREAD failed with the following output:
Change Dir: /home/aint/park/c1/CC2/project/build/CMakeFiles/CMakeTmp

Run Build Command(s):/usr/bin/make cmTC_4e32b/fast && /usr/bin/make -f CMakeFiles/cmTC_4e32b.dir/build.make CMakeFiles/cmTC_4e32b.dir/build
make[1]: Entering directory '/home/aint/park/c1/CC2/project/build/CMakeFiles/CMakeTmp'
Building C object CMakeFiles/cmTC_4e32b.dir/src.c.o
/usr/bin/cc   -Wall -Wpedantic -Wextra -Werror -lm -DCMAKE_HAVE_LIBC_PTHREAD   -o CMakeFiles/cmTC_4e32b.dir/src.c.o   -c /home/aint/park/c1/CC2/project/build/CMakeFiles/CMakeTmp/src.c
Linking C executable cmTC_4e32b
/usr/bin/cmake -E cmake_link_script CMakeFiles/cmTC_4e32b.dir/link.txt --verbose=1
/usr/bin/cc -Wall -Wpedantic -Wextra -Werror -lm -DCMAKE_HAVE_LIBC_PTHREAD   -coverage -lgcov -coverage -lgcov  CMakeFiles/cmTC_4e32b.dir/src.c.o  -o cmTC_4e32b 
/usr/bin/ld: CMakeFiles/cmTC_4e32b.dir/src.c.o: in function `main':
src.c:(.text+0x46): undefined reference to `pthread_create'
/usr/bin/ld: src.c:(.text+0x52): undefined reference to `pthread_detach'
/usr/bin/ld: src.c:(.text+0x63): undefined reference to `pthread_join'
collect2: error: ld returned 1 exit status
make[1]: *** [CMakeFiles/cmTC_4e32b.dir/build.make:87: cmTC_4e32b] Error 1
make[1]: Leaving directory '/home/aint/park/c1/CC2/project/build/CMakeFiles/CMakeTmp'
make: *** [Makefile:121: cmTC_4e32b/fast] Error 2


Source file was:
#include <pthread.h>

void* test_func(void* data)
{
  return data;
}

int main(void)
{
  pthread_t thread;
  pthread_create(&thread, NULL, test_func, NULL);
  pthread_detach(thread);
  pthread_join(thread, NULL);
  pthread_atfork(NULL, NULL, NULL);
  pthread_exit(NULL);

  return 0;
}

Determining if the function pthread_create exists in the pthreads failed with the following output:
Change Dir: /home/aint/park/c1/CC2/project/build/CMakeFiles/CMakeTmp

Run Build Command(s):/usr/bin/make cmTC_18694/fast && /usr/bin/make -f CMakeFiles/cmTC_18694.dir/build.make CMakeFiles/cmTC_18694.dir/build
make[1]: Entering directory '/home/aint/park/c1/CC2/project/build/CMakeFiles/CMakeTmp'
Building C object CMakeFiles/cmTC_18694.dir/CheckFunctionExists.c.o
/usr/bin/cc   -Wall -Wpedantic -Wextra -Werror -lm -DCHECK_FUNCTION_EXISTS=pthread_create   -o CMakeFiles/cmTC_18694.dir/CheckFunctionExists.c.o   -c /usr/share/cmake-3.16/Modules/CheckFunctionExists.c
Linking C executable cmTC_18694
/usr/bin/cmake -E cmake_link_script CMakeFiles/cmTC_18694.dir/link.txt --verbose=1
/usr/bin/cc -Wall -Wpedantic -Wextra -Werror -lm -DCHECK_FUNCTION_EXISTS=pthread_create   -coverage -lgcov -coverage -lgcov  CMakeFiles/cmTC_18694.dir/CheckFunctionExists.c.o  -o cmTC_18694  -lpthreads 
/usr/bin/ld: cannot find -lpthreads
collect2: error: ld returned 1 exit status
make[1]: *** [CMakeFiles/cmTC_18694.dir/build.make:87: cmTC_18694] Error 1
make[1]: Leaving directory '/home/aint/park/c1/CC2/project/build/CMakeFiles/CMakeTmp'
make: *** [Makefile:121: cmTC_18694/fast] Error 2



